\BOOKMARK [1][-]{section.1}{\376\377\174\373\176\337\122\237\200\375\227\000\154\102}{}% 1
\BOOKMARK [1][-]{section.2}{\376\377\145\160\143\156\136\223\213\276\213\241}{}% 2
\BOOKMARK [2][-]{subsection.2.1}{\376\377\000E\000-\000R\000\040\126\376\213\276\213\241\123\312\121\166\213\364\146\016}{section.2}% 3
\BOOKMARK [2][-]{subsection.2.2}{\376\377\145\160\143\156\136\223\220\073\217\221\176\323\147\204\213\276\213\241}{section.2}% 4
\BOOKMARK [3][-]{subsubsection.2.2.1}{\376\377\210\150\176\323\147\204}{subsection.2.2}% 5
\BOOKMARK [3][-]{subsubsection.2.2.2}{\376\377\211\306\126\376\176\323\147\204}{subsection.2.2}% 6
\BOOKMARK [2][-]{subsection.2.3}{\376\377\145\160\143\156\136\223\162\151\164\006\213\276\213\241}{section.2}% 7
\BOOKMARK [3][-]{subsubsection.2.3.1}{\376\377\175\042\137\025\133\232\116\111}{subsection.2.3}% 8
\BOOKMARK [1][-]{section.3}{\376\377\213\346\176\306\213\276\213\241\116\016\133\236\163\260}{}% 9
\BOOKMARK [2][-]{subsection.3.1}{\376\377\126\376\116\146\173\241\164\006\000\040\000\050\000B\000o\000o\000k\000s\000\040\000M\000a\000n\000a\000g\000e\000m\000e\000n\000t\000\051}{section.3}% 10
\BOOKMARK [3][-]{subsubsection.3.1.1}{\376\377\155\373\122\240\145\260\126\376\116\146}{subsection.3.1}% 11
\BOOKMARK [3][-]{subsubsection.3.1.2}{\376\377\177\026\217\221\126\376\116\146\117\341\140\157}{subsection.3.1}% 12
\BOOKMARK [3][-]{subsubsection.3.1.3}{\376\377\122\040\226\144\126\376\116\146}{subsection.3.1}% 13
\BOOKMARK [3][-]{subsubsection.3.1.4}{\376\377\147\345\213\342\116\016\155\117\211\310\126\376\116\146}{subsection.3.1}% 14
\BOOKMARK [2][-]{subsection.3.2}{\376\377\213\373\200\005\173\241\164\006\000\040\000\050\000R\000e\000a\000d\000e\000r\000s\000\040\000M\000a\000n\000a\000g\000e\000m\000e\000n\000t\000\051}{section.3}% 15
\BOOKMARK [2][-]{subsection.3.3}{\376\377\120\037\226\005\173\241\164\006\000\040\000\050\000L\000o\000a\000n\000s\000\040\000M\000a\000n\000a\000g\000e\000m\000e\000n\000t\000\051}{section.3}% 16
\BOOKMARK [3][-]{subsubsection.3.3.1}{\376\377\120\037\116\146}{subsection.3.3}% 17
\BOOKMARK [3][-]{subsubsection.3.3.2}{\376\377\217\330\116\146}{subsection.3.3}% 18
\BOOKMARK [3][-]{subsubsection.3.3.3}{\376\377\147\345\213\342\137\123\122\115\120\037\226\005\116\016\220\076\147\037\120\037\226\005}{subsection.3.3}% 19
\BOOKMARK [2][-]{subsection.3.4}{\376\377\176\374\124\010\147\345\213\342}{section.3}% 20
\BOOKMARK [3][-]{subsubsection.3.4.1}{\376\377\147\345\213\342\213\373\200\005\120\037\226\005\123\206\123\362\000\040\000/\000\040\126\376\116\146\120\037\226\005\123\206\123\362}{subsection.3.4}% 21
\BOOKMARK [2][-]{subsection.3.5}{\376\377\145\160\143\156\136\223\122\035\131\313\123\026}{section.3}% 22
\BOOKMARK [1][-]{appendix.A}{\376\377\116\343\170\001\226\104\137\125}{}% 23
\BOOKMARK [2][-]{subsection.A.1}{\376\377\000p\000e\000r\000s\000o\000n\000a\000l\000\137\000l\000i\000b\000r\000a\000r\000y\000/\000s\000c\000h\000e\000m\000a\000.\000s\000q\000l}{appendix.A}% 24
